1749042702: mosquitto version 2.0.21 starting
1749042702: Config loaded from /mosquitto/config/mosquitto.conf.
1749042702: Opening ipv4 listen socket on port 1883.
1749042702: Opening ipv6 listen socket on port 1883.
1749042702: mosquitto version 2.0.21 running
1749043148: mosquitto version 2.0.21 terminating
1749043148: Saving in-memory database to /mosquitto/data//mosquitto.db.
1749043397: mosquitto version 2.0.21 starting
1749043397: Config loaded from /mosquitto/config/mosquitto.conf.
1749043397: Opening ipv4 listen socket on port 1883.
1749043397: Opening ipv6 listen socket on port 1883.
1749043397: mosquitto version 2.0.21 running
1749043435: mosquitto version 2.0.21 terminating
1749043435: Saving in-memory database to /mosquitto/data//mosquitto.db.
1749043576: mosquitto version 2.0.21 starting
1749043576: Config loaded from /mosquitto/config/mosquitto.conf.
1749043576: Opening ipv4 listen socket on port 1883.
1749043576: Opening ipv6 listen socket on port 1883.
1749043576: mosquitto version 2.0.21 running
1749043576: New connection from 172.18.0.4:53705 on port 1883.
1749043576: New client connected from 172.18.0.4:53705 as auto-623FF98C-827C-658C-4A3A-4D387E15A5D8 (p2, c1, k60).
1749043725: New connection from ::1:50200 on port 1883.
1749043725: New client connected from ::1:50200 as auto-8D587668-3187-DDB6-CACF-08D8705FEE02 (p2, c1, k60).
1749043725: Client auto-8D587668-3187-DDB6-CACF-08D8705FEE02 disconnected.
1749043908: Client auto-623FF98C-827C-658C-4A3A-4D387E15A5D8 closed its connection.
1749043908: mosquitto version 2.0.21 terminating
1749043908: Saving in-memory database to /mosquitto/data//mosquitto.db.
1749043915: mosquitto version 2.0.21 starting
1749043915: Config loaded from /mosquitto/config/mosquitto.conf.
1749043915: Opening ipv4 listen socket on port 1883.
1749043915: Opening ipv6 listen socket on port 1883.
1749043915: mosquitto version 2.0.21 running
1749043916: New connection from 172.18.0.4:40685 on port 1883.
1749043916: New client connected from 172.18.0.4:40685 as auto-31E90554-C633-7C48-9812-4B62DBA54D68 (p2, c1, k60).
1749043931: New connection from ::1:47568 on port 1883.
1749043931: New client connected from ::1:47568 as auto-9B383AD1-8B59-3A8A-9B5C-768B30C7B0D1 (p2, c1, k60).
1749043931: Client auto-9B383AD1-8B59-3A8A-9B5C-768B30C7B0D1 disconnected.
1749043959: Client auto-31E90554-C633-7C48-9812-4B62DBA54D68 closed its connection.
1749043959: mosquitto version 2.0.21 terminating
1749043959: Saving in-memory database to /mosquitto/data//mosquitto.db.
1749043989: mosquitto version 2.0.21 starting
1749043989: Config loaded from /mosquitto/config/mosquitto.conf.
1749043989: Opening ipv4 listen socket on port 1883.
1749043989: Opening ipv6 listen socket on port 1883.
1749043989: mosquitto version 2.0.21 running
1749043990: New connection from 172.18.0.4:53785 on port 1883.
1749043990: New client connected from 172.18.0.4:53785 as auto-15630B50-93A4-248E-BA5E-E98AE40F94C8 (p2, c1, k60).
1749043995: New connection from ::1:33698 on port 1883.
1749043995: New client connected from ::1:33698 as auto-04475EF3-9EF9-E3CE-287F-A813ED041CB3 (p2, c1, k60).
1749043995: Client auto-04475EF3-9EF9-E3CE-287F-A813ED041CB3 disconnected.
1749044011: New connection from ::1:45226 on port 1883.
1749044011: New client connected from ::1:45226 as auto-0792B05C-E420-856A-410A-B296626C4C10 (p2, c1, k60).
1749044011: Client auto-0792B05C-E420-856A-410A-B296626C4C10 disconnected.
1749044258: New connection from ::1:41630 on port 1883.
1749044258: New client connected from ::1:41630 as auto-8528312C-EDF6-53F5-D64E-76D49BABFBAD (p2, c1, k60).
1749044258: Client auto-8528312C-EDF6-53F5-D64E-76D49BABFBAD disconnected.
1749044277: Client auto-15630B50-93A4-248E-BA5E-E98AE40F94C8 closed its connection.
1749044277: mosquitto version 2.0.21 terminating
1749044277: Saving in-memory database to /mosquitto/data//mosquitto.db.
1749044463: mosquitto version 2.0.21 starting
1749044463: Config loaded from /mosquitto/config/mosquitto.conf.
1749044463: Opening ipv4 listen socket on port 1883.
1749044463: Opening ipv6 listen socket on port 1883.
1749044463: mosquitto version 2.0.21 running
1749044463: New connection from 172.18.0.4:56459 on port 1883.
1749044463: New client connected from 172.18.0.4:56459 as auto-651BF668-474E-C341-05DB-A636E0D1C69A (p2, c1, k60).
1749044474: New connection from ::1:51732 on port 1883.
1749044474: New client connected from ::1:51732 as auto-620A1F81-29D0-34F5-8BD9-89151591385C (p2, c1, k60).
1749044474: Client auto-620A1F81-29D0-34F5-8BD9-89151591385C disconnected.
1749044518: Client auto-651BF668-474E-C341-05DB-A636E0D1C69A closed its connection.
1749044519: New connection from 172.18.0.4:47197 on port 1883.
1749044519: New client connected from 172.18.0.4:47197 as auto-BAF3A5EA-1317-E2EE-6C30-136EC67F54F7 (p2, c1, k60).
1749044526: New connection from ::1:40482 on port 1883.
1749044526: New client connected from ::1:40482 as auto-1173B6AF-157D-8822-40D0-29793F26D968 (p2, c1, k60).
1749044526: Client auto-1173B6AF-157D-8822-40D0-29793F26D968 disconnected.
1749044918: New connection from ::1:56818 on port 1883.
1749044918: New client connected from ::1:56818 as auto-832E27DF-5FF0-CE34-C947-F928AD15DACB (p2, c1, k60).
1749044918: Client auto-832E27DF-5FF0-CE34-C947-F928AD15DACB disconnected.
1749044928: New connection from ::1:51684 on port 1883.
1749044928: New client connected from ::1:51684 as auto-217E5EAA-622B-5B96-16CF-6C27531B0BB5 (p2, c1, k60).
1749044928: Client auto-217E5EAA-622B-5B96-16CF-6C27531B0BB5 disconnected.
1749044941: New connection from ::1:45590 on port 1883.
1749044941: New client connected from ::1:45590 as auto-51AE510B-C955-2C2F-27D8-670096135596 (p2, c1, k60).
1749044941: Client auto-51AE510B-C955-2C2F-27D8-670096135596 disconnected.
1749045088: Client auto-BAF3A5EA-1317-E2EE-6C30-136EC67F54F7 closed its connection.
1749045088: mosquitto version 2.0.21 terminating
1749045088: Saving in-memory database to /mosquitto/data//mosquitto.db.
1749045136: mosquitto version 2.0.21 starting
1749045136: Config loaded from /mosquitto/config/mosquitto.conf.
1749045136: Opening ipv4 listen socket on port 1883.
1749045136: Opening ipv6 listen socket on port 1883.
1749045136: mosquitto version 2.0.21 running
1749045137: New connection from 172.18.0.4:55087 on port 1883.
1749045137: New client connected from 172.18.0.4:55087 as auto-765D14C3-7C0F-39A5-6A30-465873B94E04 (p2, c1, k60).
1749045423: New connection from ::1:36560 on port 1883.
1749045423: New client connected from ::1:36560 as auto-052E5FAC-B689-603B-109D-1F04A7360E04 (p2, c1, k60).
1749045423: Client auto-052E5FAC-B689-603B-109D-1F04A7360E04 disconnected.
1749046937: Saving in-memory database to /mosquitto/data//mosquitto.db.
1749047324: Client auto-765D14C3-7C0F-39A5-6A30-465873B94E04 closed its connection.
1749047324: mosquitto version 2.0.21 terminating
1749047324: Saving in-memory database to /mosquitto/data//mosquitto.db.
